{"/Users/farrisbar/git/maverages/src/maverages.ts": {"path":"/Users/farrisbar/git/maverages/src/maverages.ts","statementMap":{"0":{"start":{"line":3,"column":22},"end":{"line":3,"column":26}},"1":{"start":{"line":4,"column":16},"end":{"line":4,"column":17}},"2":{"start":{"line":12,"column":4},"end":{"line":16,"column":null}},"3":{"start":{"line":13,"column":8},"end":{"line":13,"column":null}},"4":{"start":{"line":15,"column":8},"end":{"line":15,"column":19}},"5":{"start":{"line":19,"column":4},"end":{"line":26,"column":null}},"6":{"start":{"line":20,"column":8},"end":{"line":20,"column":25}},"7":{"start":{"line":21,"column":8},"end":{"line":21,"column":15}},"8":{"start":{"line":23,"column":8},"end":{"line":23,"column":14}},"9":{"start":{"line":24,"column":8},"end":{"line":24,"column":19}},"10":{"start":{"line":25,"column":8},"end":{"line":25,"column":15}},"11":{"start":{"line":29,"column":4},"end":{"line":57,"column":null}},"12":{"start":{"line":29,"column":16},"end":{"line":29,"column":17}},"13":{"start":{"line":36,"column":8},"end":{"line":43,"column":null}},"14":{"start":{"line":37,"column":29},"end":{"line":37,"column":38}},"15":{"start":{"line":38,"column":12},"end":{"line":40,"column":null}},"16":{"start":{"line":39,"column":16},"end":{"line":39,"column":null}},"17":{"start":{"line":41,"column":12},"end":{"line":41,"column":null}},"18":{"start":{"line":42,"column":12},"end":{"line":42,"column":23}},"19":{"start":{"line":46,"column":27},"end":{"line":46,"column":50}},"20":{"start":{"line":47,"column":8},"end":{"line":47,"column":36}},"21":{"start":{"line":48,"column":8},"end":{"line":48,"column":29}},"22":{"start":{"line":49,"column":8},"end":{"line":49,"column":19}},"23":{"start":{"line":56,"column":8},"end":{"line":56,"column":39}},"24":{"start":{"line":59,"column":4},"end":{"line":59,"column":17}},"25":{"start":{"line":64,"column":4},"end":{"line":66,"column":null}},"26":{"start":{"line":65,"column":8},"end":{"line":65,"column":41}},"27":{"start":{"line":67,"column":4},"end":{"line":69,"column":null}},"28":{"start":{"line":68,"column":8},"end":{"line":68,"column":41}},"29":{"start":{"line":70,"column":4},"end":{"line":70,"column":13}}},"fnMap":{"0":{"name":"mavg","decl":{"start":{"line":1,"column":16},"end":{"line":1,"column":20}},"loc":{"start":{"line":1,"column":51},"end":{"line":60,"column":1}}},"1":{"name":"clamp","decl":{"start":{"line":62,"column":9},"end":{"line":62,"column":14}},"loc":{"start":{"line":62,"column":33},"end":{"line":71,"column":1}}}},"branchMap":{"0":{"loc":{"start":{"line":12,"column":4},"end":{"line":16,"column":null}},"type":"if","locations":[{"start":{"line":12,"column":4},"end":{"line":16,"column":null}},{"start":{"line":14,"column":11},"end":{"line":16,"column":null}}]},"1":{"loc":{"start":{"line":12,"column":7},"end":{"line":12,"column":28}},"type":"binary-expr","locations":[{"start":{"line":12,"column":7},"end":{"line":12,"column":13}},{"start":{"line":12,"column":18},"end":{"line":12,"column":28}}]},"2":{"loc":{"start":{"line":19,"column":4},"end":{"line":26,"column":null}},"type":"if","locations":[{"start":{"line":19,"column":4},"end":{"line":26,"column":null}},{"start":{"line":22,"column":11},"end":{"line":26,"column":null}}]},"3":{"loc":{"start":{"line":19,"column":7},"end":{"line":19,"column":36}},"type":"binary-expr","locations":[{"start":{"line":19,"column":7},"end":{"line":19,"column":12}},{"start":{"line":19,"column":16},"end":{"line":19,"column":36}}]},"4":{"loc":{"start":{"line":36,"column":8},"end":{"line":43,"column":null}},"type":"if","locations":[{"start":{"line":36,"column":8},"end":{"line":43,"column":null}}]},"5":{"loc":{"start":{"line":38,"column":12},"end":{"line":40,"column":null}},"type":"if","locations":[{"start":{"line":38,"column":12},"end":{"line":40,"column":null}}]},"6":{"loc":{"start":{"line":64,"column":4},"end":{"line":66,"column":null}},"type":"if","locations":[{"start":{"line":64,"column":4},"end":{"line":66,"column":null}}]},"7":{"loc":{"start":{"line":67,"column":4},"end":{"line":69,"column":null}},"type":"if","locations":[{"start":{"line":67,"column":4},"end":{"line":69,"column":null}}]}},"s":{"0":12,"1":12,"2":12,"3":11,"4":1,"5":12,"6":11,"7":11,"8":1,"9":1,"10":1,"11":12,"12":12,"13":210,"14":176,"15":176,"16":0,"17":176,"18":176,"19":210,"20":210,"21":210,"22":210,"23":210,"24":12,"25":210,"26":14,"27":196,"28":7,"29":189},"f":{"0":12,"1":210},"b":{"0":[11,1],"1":[12,11],"2":[11,1],"3":[12,11],"4":[176],"5":[0],"6":[14],"7":[7]}}
,"/Users/farrisbar/git/maverages/src/maverages_brute.ts": {"path":"/Users/farrisbar/git/maverages/src/maverages_brute.ts","statementMap":{"0":{"start":{"line":7,"column":4},"end":{"line":11,"column":null}},"1":{"start":{"line":8,"column":8},"end":{"line":8,"column":null}},"2":{"start":{"line":10,"column":8},"end":{"line":10,"column":19}},"3":{"start":{"line":14,"column":4},"end":{"line":21,"column":null}},"4":{"start":{"line":15,"column":8},"end":{"line":15,"column":25}},"5":{"start":{"line":16,"column":8},"end":{"line":16,"column":30}},"6":{"start":{"line":18,"column":8},"end":{"line":18,"column":14}},"7":{"start":{"line":19,"column":8},"end":{"line":19,"column":19}},"8":{"start":{"line":20,"column":8},"end":{"line":20,"column":20}},"9":{"start":{"line":24,"column":4},"end":{"line":47,"column":null}},"10":{"start":{"line":24,"column":16},"end":{"line":24,"column":17}},"11":{"start":{"line":26,"column":18},"end":{"line":26,"column":41}},"12":{"start":{"line":27,"column":20},"end":{"line":27,"column":21}},"13":{"start":{"line":30,"column":8},"end":{"line":38,"column":null}},"14":{"start":{"line":30,"column":20},"end":{"line":30,"column":21}},"15":{"start":{"line":31,"column":12},"end":{"line":37,"column":null}},"16":{"start":{"line":32,"column":16},"end":{"line":32,"column":51}},"17":{"start":{"line":33,"column":16},"end":{"line":33,"column":null}},"18":{"start":{"line":36,"column":16},"end":{"line":36,"column":22}},"19":{"start":{"line":41,"column":8},"end":{"line":45,"column":null}},"20":{"start":{"line":42,"column":12},"end":{"line":42,"column":36}},"21":{"start":{"line":44,"column":12},"end":{"line":44,"column":28}},"22":{"start":{"line":49,"column":4},"end":{"line":49,"column":18}},"23":{"start":{"line":54,"column":4},"end":{"line":56,"column":null}},"24":{"start":{"line":55,"column":8},"end":{"line":55,"column":41}},"25":{"start":{"line":57,"column":4},"end":{"line":59,"column":null}},"26":{"start":{"line":58,"column":8},"end":{"line":58,"column":41}},"27":{"start":{"line":60,"column":4},"end":{"line":60,"column":13}}},"fnMap":{"0":{"name":"mavgBrute","decl":{"start":{"line":1,"column":16},"end":{"line":1,"column":25}},"loc":{"start":{"line":1,"column":56},"end":{"line":50,"column":1}}},"1":{"name":"clamp","decl":{"start":{"line":52,"column":9},"end":{"line":52,"column":14}},"loc":{"start":{"line":52,"column":33},"end":{"line":61,"column":1}}}},"branchMap":{"0":{"loc":{"start":{"line":7,"column":4},"end":{"line":11,"column":null}},"type":"if","locations":[{"start":{"line":7,"column":4},"end":{"line":11,"column":null}},{"start":{"line":9,"column":11},"end":{"line":11,"column":null}}]},"1":{"loc":{"start":{"line":7,"column":7},"end":{"line":7,"column":28}},"type":"binary-expr","locations":[{"start":{"line":7,"column":7},"end":{"line":7,"column":13}},{"start":{"line":7,"column":18},"end":{"line":7,"column":28}}]},"2":{"loc":{"start":{"line":14,"column":4},"end":{"line":21,"column":null}},"type":"if","locations":[{"start":{"line":14,"column":4},"end":{"line":21,"column":null}},{"start":{"line":17,"column":11},"end":{"line":21,"column":null}}]},"3":{"loc":{"start":{"line":14,"column":7},"end":{"line":14,"column":36}},"type":"binary-expr","locations":[{"start":{"line":14,"column":7},"end":{"line":14,"column":12}},{"start":{"line":14,"column":16},"end":{"line":14,"column":36}}]},"4":{"loc":{"start":{"line":31,"column":12},"end":{"line":37,"column":null}},"type":"if","locations":[{"start":{"line":31,"column":12},"end":{"line":37,"column":null}},{"start":{"line":35,"column":19},"end":{"line":37,"column":null}}]},"5":{"loc":{"start":{"line":41,"column":8},"end":{"line":45,"column":null}},"type":"if","locations":[{"start":{"line":41,"column":8},"end":{"line":45,"column":null}},{"start":{"line":43,"column":15},"end":{"line":45,"column":null}}]},"6":{"loc":{"start":{"line":54,"column":4},"end":{"line":56,"column":null}},"type":"if","locations":[{"start":{"line":54,"column":4},"end":{"line":56,"column":null}}]},"7":{"loc":{"start":{"line":57,"column":4},"end":{"line":59,"column":null}},"type":"if","locations":[{"start":{"line":57,"column":4},"end":{"line":59,"column":null}}]}},"s":{"0":12,"1":11,"2":1,"3":12,"4":11,"5":11,"6":1,"7":1,"8":1,"9":12,"10":12,"11":210,"12":210,"13":210,"14":210,"15":391,"16":368,"17":368,"18":23,"19":210,"20":149,"21":61,"22":12,"23":578,"24":40,"25":538,"26":20,"27":518},"f":{"0":12,"1":578},"b":{"0":[11,1],"1":[12,11],"2":[11,1],"3":[12,11],"4":[368,23],"5":[149,61],"6":[40],"7":[20]}}
}
